<?xml version="1.0" encoding="UTF-8"?>
<testng-results ignored="0" total="1" passed="1" failed="0" skipped="0">
  <reporter-output>
  </reporter-output>
  <suite started-at="2024-05-03T18:02:15 BST" name="Default suite" finished-at="2024-05-03T18:02:25 BST" duration-ms="10025">
    <groups>
    </groups>
    <test started-at="2024-05-03T18:02:15 BST" name="Default test" finished-at="2024-05-03T18:02:25 BST" duration-ms="10025">
      <class name="com.shopper.qa.testcases.SearchResultPageTest">
        <test-method is-config="true" signature="setUp()[pri:0, instance:com.shopper.qa.testcases.SearchResultPageTest@1817d444]" started-at="2024-05-03T18:02:15 BST" name="setUp" finished-at="2024-05-03T18:02:23 BST" duration-ms="8647" status="PASS">
          <reporter-output>
          </reporter-output>
        </test-method> <!-- setUp -->
        <test-method signature="verifySearchResultWorkingCorrectly()[pri:1, instance:com.shopper.qa.testcases.SearchResultPageTest@1817d444]" started-at="2024-05-03T18:02:23 BST" name="verifySearchResultWorkingCorrectly" finished-at="2024-05-03T18:02:24 BST" duration-ms="493" status="PASS">
          <reporter-output>
          </reporter-output>
        </test-method> <!-- verifySearchResultWorkingCorrectly -->
        <test-method is-config="true" signature="tearDown()[pri:0, instance:com.shopper.qa.testcases.SearchResultPageTest@1817d444]" started-at="2024-05-03T18:02:24 BST" name="tearDown" finished-at="2024-05-03T18:02:25 BST" duration-ms="859" status="PASS">
          <reporter-output>
          </reporter-output>
        </test-method> <!-- tearDown -->
      </class> <!-- com.shopper.qa.testcases.SearchResultPageTest -->
    </test> <!-- Default test -->
  </suite> <!-- Default suite -->
</testng-results>
